<?xml version="1.0" encoding="UTF-8"?>
<!-- Generated by org.testng.reporters.JUnitXMLReporter -->
<testsuite ignored="0" hostname="ARUNANGSHU" failures="0" tests="3" name="Linux-Chrome" time="17.476" errors="0" timestamp="2025-04-29T03:21:53 IST">
  <testcase classname="testCases.TC_001_AccountRegistrationTest" name="verify_account_registration" time="2.719"/>
  <testcase classname="testCases.TC_002_LoginandLogoutTest" name="VerifyLoginTest" time="1.475"/>
  <testcase classname="testCases.TC_002_LoginandLogoutTest" name="Verify_LogoutTest" time="0.651"/>
</testsuite> <!-- Linux-Chrome -->
