<?xml version="1.0" encoding="UTF-8"?>
<!-- Generated by org.testng.reporters.JUnitXMLReporter -->
<testsuite ignored="0" hostname="ARUNANGSHU" failures="0" tests="3" name="Test" time="19.328" errors="0" timestamp="2025-04-30T03:19:26 IST">
  <testcase classname="testCases.TC_001_AccountRegistrationTest" name="verify_account_registration" time="2.623"/>
  <testcase classname="testCases.TC_002_LoginandLogoutTest" name="VerifyLoginTest" time="1.743"/>
  <testcase classname="testCases.TC_002_LoginandLogoutTest" name="Verify_LogoutTest" time="0.813"/>
</testsuite> <!-- Test -->
