<?xml version="1.0" encoding="UTF-8"?>
<!-- Generated by org.testng.reporters.JUnitXMLReporter -->
<testsuite ignored="0" hostname="ARUNANGSHU" failures="0" tests="3" name="Test" time="13.535" errors="0" timestamp="2025-04-30T00:01:53 IST">
  <testcase classname="testCases.TC_001_AccountRegistrationTest" name="verify_account_registration" time="2.844"/>
  <testcase classname="testCases.TC_002_LoginandLogoutTest" name="VerifyLoginTest" time="1.874"/>
  <testcase classname="testCases.TC_002_LoginandLogoutTest" name="Verify_LogoutTest" time="0.724"/>
</testsuite> <!-- Test -->
