<?xml version="1.0" encoding="UTF-8"?>
<!-- Generated by org.testng.reporters.JUnitXMLReporter -->
<testsuite ignored="1" hostname="ARUNANGSHU" failures="0" tests="1" name="Test(failed)" time="13.188" errors="0" timestamp="2025-04-27T15:31:28 IST">
  <testcase classname="testCases.TC_002_LoginandLogoutTest" name="VerifyLoginTest" time="2.332"/>
  <testcase classname="testCases.TC_002_LoginandLogoutTest" name="Verify_LogoutTest" time="0.0">
    <ignored/>
  </testcase> <!-- Verify_LogoutTest -->
</testsuite> <!-- Test(failed) -->
