<?xml version="1.0" encoding="UTF-8"?>
<testng-results ignored="0" total="6" passed="6" failed="0" skipped="0">
  <reporter-output>
  </reporter-output>
  <suite started-at="2025-04-30T00:04:23 IST" name="Suite" finished-at="2025-04-30T00:04:37 IST" duration-ms="14299">
    <groups>
      <group name="Master">
        <method signature="TC_002_LoginandLogoutTest.VerifyLoginTest()[pri:2, instance:testCases.TC_002_LoginandLogoutTest@10cf09e8]" name="VerifyLoginTest" class="testCases.TC_002_LoginandLogoutTest"/>
        <method signature="TC_002_LoginandLogoutTest.VerifyLoginTest()[pri:2, instance:testCases.TC_002_LoginandLogoutTest@3e7dd664]" name="VerifyLoginTest" class="testCases.TC_002_LoginandLogoutTest"/>
        <method signature="TC_002_LoginandLogoutTest.VerifyLoginTest()[pri:2, instance:testCases.TC_002_LoginandLogoutTest@294a6b8e]" name="VerifyLoginTest" class="testCases.TC_002_LoginandLogoutTest"/>
      </group> <!-- Master -->
      <group name="Sanity">
        <method signature="TC_002_LoginandLogoutTest.VerifyLoginTest()[pri:2, instance:testCases.TC_002_LoginandLogoutTest@10cf09e8]" name="VerifyLoginTest" class="testCases.TC_002_LoginandLogoutTest"/>
        <method signature="TC_002_LoginandLogoutTest.VerifyLoginTest()[pri:2, instance:testCases.TC_002_LoginandLogoutTest@3e7dd664]" name="VerifyLoginTest" class="testCases.TC_002_LoginandLogoutTest"/>
        <method signature="TC_002_LoginandLogoutTest.VerifyLoginTest()[pri:2, instance:testCases.TC_002_LoginandLogoutTest@294a6b8e]" name="VerifyLoginTest" class="testCases.TC_002_LoginandLogoutTest"/>
      </group> <!-- Sanity -->
    </groups>
    <test started-at="2025-04-30T00:04:23 IST" name="edgetest" finished-at="2025-04-30T00:04:35 IST" duration-ms="12565">
      <class name="testCases.TC_002_LoginandLogoutTest">
        <test-method is-config="true" signature="setup(java.lang.String,java.lang.String)[pri:0, instance:testCases.TC_002_LoginandLogoutTest@3e7dd664]" started-at="2025-04-30T00:04:23 IST" name="setup" finished-at="2025-04-30T00:04:27 IST" duration-ms="4024" status="PASS">
          <params>
            <param index="0">
              <value>
                <![CDATA[Windows]]>
              </value>
            </param>
            <param index="1">
              <value>
                <![CDATA[edge]]>
              </value>
            </param>
          </params>
          <reporter-output>
          </reporter-output>
        </test-method> <!-- setup -->
        <test-method signature="VerifyLoginTest()[pri:2, instance:testCases.TC_002_LoginandLogoutTest@3e7dd664]" started-at="2025-04-30T00:04:27 IST" name="VerifyLoginTest" finished-at="2025-04-30T00:04:31 IST" duration-ms="4229" status="PASS">
          <reporter-output>
          </reporter-output>
        </test-method> <!-- VerifyLoginTest -->
        <test-method signature="Verify_LogoutTest()[pri:2, instance:testCases.TC_002_LoginandLogoutTest@3e7dd664]" started-at="2025-04-30T00:04:31 IST" name="Verify_LogoutTest" finished-at="2025-04-30T00:04:33 IST" depends-on-methods="testCases.TC_002_LoginandLogoutTest.VerifyLoginTest" duration-ms="1264" status="PASS">
          <reporter-output>
          </reporter-output>
        </test-method> <!-- Verify_LogoutTest -->
        <test-method is-config="true" signature="tearDown()[pri:0, instance:testCases.TC_002_LoginandLogoutTest@3e7dd664]" started-at="2025-04-30T00:04:33 IST" name="tearDown" finished-at="2025-04-30T00:04:35 IST" duration-ms="2769" status="PASS">
          <reporter-output>
          </reporter-output>
        </test-method> <!-- tearDown -->
      </class> <!-- testCases.TC_002_LoginandLogoutTest -->
    </test> <!-- edgetest -->
    <test started-at="2025-04-30T00:04:23 IST" name="chrometest" finished-at="2025-04-30T00:04:34 IST" duration-ms="11324">
      <class name="testCases.TC_002_LoginandLogoutTest">
        <test-method is-config="true" signature="setup(java.lang.String,java.lang.String)[pri:0, instance:testCases.TC_002_LoginandLogoutTest@10cf09e8]" started-at="2025-04-30T00:04:23 IST" name="setup" finished-at="2025-04-30T00:04:27 IST" duration-ms="4226" status="PASS">
          <params>
            <param index="0">
              <value>
                <![CDATA[Windows]]>
              </value>
            </param>
            <param index="1">
              <value>
                <![CDATA[chrome]]>
              </value>
            </param>
          </params>
          <reporter-output>
          </reporter-output>
        </test-method> <!-- setup -->
        <test-method signature="VerifyLoginTest()[pri:2, instance:testCases.TC_002_LoginandLogoutTest@10cf09e8]" started-at="2025-04-30T00:04:27 IST" name="VerifyLoginTest" finished-at="2025-04-30T00:04:32 IST" duration-ms="4407" status="PASS">
          <reporter-output>
          </reporter-output>
        </test-method> <!-- VerifyLoginTest -->
        <test-method signature="Verify_LogoutTest()[pri:2, instance:testCases.TC_002_LoginandLogoutTest@10cf09e8]" started-at="2025-04-30T00:04:32 IST" name="Verify_LogoutTest" finished-at="2025-04-30T00:04:33 IST" depends-on-methods="testCases.TC_002_LoginandLogoutTest.VerifyLoginTest" duration-ms="1462" status="PASS">
          <reporter-output>
          </reporter-output>
        </test-method> <!-- Verify_LogoutTest -->
        <test-method is-config="true" signature="tearDown()[pri:0, instance:testCases.TC_002_LoginandLogoutTest@10cf09e8]" started-at="2025-04-30T00:04:33 IST" name="tearDown" finished-at="2025-04-30T00:04:34 IST" duration-ms="1125" status="PASS">
          <reporter-output>
          </reporter-output>
        </test-method> <!-- tearDown -->
      </class> <!-- testCases.TC_002_LoginandLogoutTest -->
    </test> <!-- chrometest -->
    <test started-at="2025-04-30T00:04:23 IST" name="firefoxest" finished-at="2025-04-30T00:04:37 IST" duration-ms="14299">
      <class name="testCases.TC_002_LoginandLogoutTest">
        <test-method is-config="true" signature="setup(java.lang.String,java.lang.String)[pri:0, instance:testCases.TC_002_LoginandLogoutTest@294a6b8e]" started-at="2025-04-30T00:04:23 IST" name="setup" finished-at="2025-04-30T00:04:31 IST" duration-ms="7596" status="PASS">
          <params>
            <param index="0">
              <value>
                <![CDATA[Windows]]>
              </value>
            </param>
            <param index="1">
              <value>
                <![CDATA[firefox]]>
              </value>
            </param>
          </params>
          <reporter-output>
          </reporter-output>
        </test-method> <!-- setup -->
        <test-method signature="VerifyLoginTest()[pri:2, instance:testCases.TC_002_LoginandLogoutTest@294a6b8e]" started-at="2025-04-30T00:04:31 IST" name="VerifyLoginTest" finished-at="2025-04-30T00:04:34 IST" duration-ms="2965" status="PASS">
          <reporter-output>
          </reporter-output>
        </test-method> <!-- VerifyLoginTest -->
        <test-method signature="Verify_LogoutTest()[pri:2, instance:testCases.TC_002_LoginandLogoutTest@294a6b8e]" started-at="2025-04-30T00:04:34 IST" name="Verify_LogoutTest" finished-at="2025-04-30T00:04:34 IST" depends-on-methods="testCases.TC_002_LoginandLogoutTest.VerifyLoginTest" duration-ms="650" status="PASS">
          <reporter-output>
          </reporter-output>
        </test-method> <!-- Verify_LogoutTest -->
        <test-method is-config="true" signature="tearDown()[pri:0, instance:testCases.TC_002_LoginandLogoutTest@294a6b8e]" started-at="2025-04-30T00:04:34 IST" name="tearDown" finished-at="2025-04-30T00:04:37 IST" duration-ms="2906" status="PASS">
          <reporter-output>
          </reporter-output>
        </test-method> <!-- tearDown -->
      </class> <!-- testCases.TC_002_LoginandLogoutTest -->
    </test> <!-- firefoxest -->
  </suite> <!-- Suite -->
</testng-results>
