<?xml version="1.0" encoding="UTF-8"?>
<testng-results ignored="0" total="3" passed="3" failed="0" skipped="0">
  <reporter-output>
  </reporter-output>
  <suite started-at="2025-04-29T19:12:20 IST" name="Suite" finished-at="2025-04-29T19:12:38 IST" duration-ms="17612">
    <groups>
      <group name="Master">
        <method signature="TC_002_LoginandLogoutTest.VerifyLoginTest()[pri:2, instance:testCases.TC_002_LoginandLogoutTest@63a270c9]" name="VerifyLoginTest" class="testCases.TC_002_LoginandLogoutTest"/>
        <method signature="TC_001_AccountRegistrationTest.verify_account_registration()[pri:0, instance:testCases.TC_001_AccountRegistrationTest@5023bb8b]" name="verify_account_registration" class="testCases.TC_001_AccountRegistrationTest"/>
      </group> <!-- Master -->
      <group name="Sanity">
        <method signature="TC_002_LoginandLogoutTest.VerifyLoginTest()[pri:2, instance:testCases.TC_002_LoginandLogoutTest@63a270c9]" name="VerifyLoginTest" class="testCases.TC_002_LoginandLogoutTest"/>
      </group> <!-- Sanity -->
      <group name="Regression">
        <method signature="TC_001_AccountRegistrationTest.verify_account_registration()[pri:0, instance:testCases.TC_001_AccountRegistrationTest@5023bb8b]" name="verify_account_registration" class="testCases.TC_001_AccountRegistrationTest"/>
      </group> <!-- Regression -->
    </groups>
    <test started-at="2025-04-29T19:12:20 IST" name="Test" finished-at="2025-04-29T19:12:38 IST" duration-ms="17612">
      <class name="testCases.TC_001_AccountRegistrationTest">
        <test-method is-config="true" signature="setup(java.lang.String,java.lang.String)[pri:0, instance:testCases.TC_001_AccountRegistrationTest@5023bb8b]" started-at="2025-04-29T19:12:20 IST" name="setup" finished-at="2025-04-29T19:12:27 IST" duration-ms="6676" status="PASS">
          <params>
            <param index="0">
              <value>
                <![CDATA[Windows]]>
              </value>
            </param>
            <param index="1">
              <value>
                <![CDATA[chrome]]>
              </value>
            </param>
          </params>
          <reporter-output>
          </reporter-output>
        </test-method> <!-- setup -->
        <test-method signature="verify_account_registration()[pri:0, instance:testCases.TC_001_AccountRegistrationTest@5023bb8b]" started-at="2025-04-29T19:12:27 IST" name="verify_account_registration" finished-at="2025-04-29T19:12:29 IST" duration-ms="2520" status="PASS">
          <reporter-output>
          </reporter-output>
        </test-method> <!-- verify_account_registration -->
        <test-method is-config="true" signature="tearDown()[pri:0, instance:testCases.TC_001_AccountRegistrationTest@5023bb8b]" started-at="2025-04-29T19:12:29 IST" name="tearDown" finished-at="2025-04-29T19:12:30 IST" duration-ms="177" status="PASS">
          <reporter-output>
          </reporter-output>
        </test-method> <!-- tearDown -->
      </class> <!-- testCases.TC_001_AccountRegistrationTest -->
      <class name="testCases.TC_002_LoginandLogoutTest">
        <test-method is-config="true" signature="setup(java.lang.String,java.lang.String)[pri:0, instance:testCases.TC_002_LoginandLogoutTest@63a270c9]" started-at="2025-04-29T19:12:30 IST" name="setup" finished-at="2025-04-29T19:12:34 IST" duration-ms="4589" status="PASS">
          <params>
            <param index="0">
              <value>
                <![CDATA[Windows]]>
              </value>
            </param>
            <param index="1">
              <value>
                <![CDATA[chrome]]>
              </value>
            </param>
          </params>
          <reporter-output>
          </reporter-output>
        </test-method> <!-- setup -->
        <test-method signature="VerifyLoginTest()[pri:2, instance:testCases.TC_002_LoginandLogoutTest@63a270c9]" started-at="2025-04-29T19:12:34 IST" name="VerifyLoginTest" finished-at="2025-04-29T19:12:37 IST" duration-ms="2569" status="PASS">
          <reporter-output>
          </reporter-output>
        </test-method> <!-- VerifyLoginTest -->
        <test-method signature="Verify_LogoutTest()[pri:2, instance:testCases.TC_002_LoginandLogoutTest@63a270c9]" started-at="2025-04-29T19:12:37 IST" name="Verify_LogoutTest" finished-at="2025-04-29T19:12:38 IST" depends-on-methods="testCases.TC_002_LoginandLogoutTest.VerifyLoginTest" duration-ms="714" status="PASS">
          <reporter-output>
          </reporter-output>
        </test-method> <!-- Verify_LogoutTest -->
        <test-method is-config="true" signature="tearDown()[pri:0, instance:testCases.TC_002_LoginandLogoutTest@63a270c9]" started-at="2025-04-29T19:12:38 IST" name="tearDown" finished-at="2025-04-29T19:12:38 IST" duration-ms="171" status="PASS">
          <reporter-output>
          </reporter-output>
        </test-method> <!-- tearDown -->
      </class> <!-- testCases.TC_002_LoginandLogoutTest -->
    </test> <!-- Test -->
  </suite> <!-- Suite -->
</testng-results>
