<?xml version="1.0" encoding="UTF-8"?>
<!-- Generated by org.testng.reporters.JUnitReportReporter -->
<testsuite hostname="ARUNANGSHU" failures="0" tests="2" name="testCases.TC_002_LoginandLogoutTest" time="2.556" errors="0" timestamp="2025-04-30T03:19:26 IST" skipped="0">
  <testcase classname="testCases.TC_002_LoginandLogoutTest" name="Verify_LogoutTest" time="0.813"/>
  <testcase classname="testCases.TC_002_LoginandLogoutTest" name="VerifyLoginTest" time="1.743"/>
</testsuite> <!-- testCases.TC_002_LoginandLogoutTest -->
