<?xml version="1.0" encoding="UTF-8"?>
<!-- Generated by org.testng.reporters.JUnitReportReporter -->
<testsuite hostname="ARUNANGSHU" failures="0" tests="5" name="testCases.TC_003_LoginDDT" time="25.630" errors="0" timestamp="2025-04-28T00:50:23 IST" skipped="0">
  <testcase classname="testCases.TC_003_LoginDDT" name="Verify_LoginDDT" time="3.041"/>
  <testcase classname="testCases.TC_003_LoginDDT" name="Verify_LoginDDT" time="11.691"/>
  <testcase classname="testCases.TC_003_LoginDDT" name="Verify_LoginDDT" time="2.996"/>
  <testcase classname="testCases.TC_003_LoginDDT" name="Verify_LoginDDT" time="2.872"/>
  <testcase classname="testCases.TC_003_LoginDDT" name="Verify_LoginDDT" time="5.030"/>
</testsuite> <!-- testCases.TC_003_LoginDDT -->
