<?xml version="1.0" encoding="UTF-8"?>
<!-- Generated by org.testng.reporters.JUnitReportReporter -->
<testsuite hostname="ARUNANGSHU" failures="0" tests="6" name="testCases.TC_002_LoginandLogoutTest" time="14.977" errors="0" timestamp="2025-04-30T00:04:38 IST" skipped="0">
  <testcase classname="testCases.TC_002_LoginandLogoutTest" name="VerifyLoginTest" time="4.229"/>
  <testcase classname="testCases.TC_002_LoginandLogoutTest" name="Verify_LogoutTest" time="1.462"/>
  <testcase classname="testCases.TC_002_LoginandLogoutTest" name="VerifyLoginTest" time="4.407"/>
  <testcase classname="testCases.TC_002_LoginandLogoutTest" name="Verify_LogoutTest" time="1.264"/>
  <testcase classname="testCases.TC_002_LoginandLogoutTest" name="Verify_LogoutTest" time="0.650"/>
  <testcase classname="testCases.TC_002_LoginandLogoutTest" name="VerifyLoginTest" time="2.965"/>
</testsuite> <!-- testCases.TC_002_LoginandLogoutTest -->
